<?xml version="1.0" encoding="UTF-8"?>
<!-- Generated by org.testng.reporters.JUnitXMLReporter -->
<testsuite hostname="Lenovo" failures="0" tests="31" name="Testing" time="0.213" errors="0" timestamp="24 Jun 2021 14:23:46 GMT">
  <testcase classname="com.crm.qa.testcases.FlightTestCases_ParallelMethods" name="testCase24" time="0.04"/>
  <testcase classname="com.crm.qa.testcases.FlightTestCases_ParallelMethods" name="testCase19" time="0.04"/>
  <testcase classname="com.crm.qa.testcases.FlightTestCases_ParallelMethods" name="testCaseFour" time="0.04"/>
  <testcase classname="com.crm.qa.testcases.FlightTestCases_ParallelMethods" name="testCase13" time="0.056"/>
  <testcase classname="com.crm.qa.testcases.FlightTestCases_ParallelMethods" name="testCase8" time="0.056"/>
  <testcase classname="com.crm.qa.testcases.FlightTestCases_ParallelMethods" name="testCase26" time="0.04"/>
  <testcase classname="com.crm.qa.testcases.FlightTestCases_ParallelMethods" name="testCase14" time="0.04"/>
  <testcase classname="com.crm.qa.testcases.FlightTestCases_ParallelMethods" name="testCase22" time="0.071"/>
  <testcase classname="com.crm.qa.testcases.FlightTestCases_ParallelMethods" name="testCase11" time="0.04"/>
  <testcase classname="com.crm.qa.testcases.FlightTestCases_ParallelMethods" name="testCase6" time="0.071"/>
  <testcase classname="com.crm.qa.testcases.FlightTestCases_ParallelMethods" name="testCase28" time="0.056"/>
  <testcase classname="com.crm.qa.testcases.FlightTestCases_ParallelMethods" name="testCase7" time="0.04"/>
  <testcase classname="com.crm.qa.testcases.FlightTestCases_ParallelMethods" name="testCase23" time="0.04"/>
  <testcase classname="com.crm.qa.testcases.FlightTestCases_ParallelMethods" name="testCase25" time="0.04"/>
  <testcase classname="com.crm.qa.testcases.FlightTestCases_ParallelMethods" name="testCaseOne" time="0.071"/>
  <testcase classname="com.crm.qa.testcases.FlightTestCases_ParallelMethods" name="testCase15" time="0.071"/>
  <testcase classname="com.crm.qa.testcases.FlightTestCases_ParallelMethods" name="testCase12" time="0.071"/>
  <testcase classname="com.crm.qa.testcases.FlightTestCases_ParallelMethods" name="testCase31" time="0.071"/>
  <testcase classname="com.crm.qa.testcases.FlightTestCases_ParallelMethods" name="testCase17" time="0.071"/>
  <testcase classname="com.crm.qa.testcases.FlightTestCases_ParallelMethods" name="testCase27" time="0.087"/>
  <testcase classname="com.crm.qa.testcases.FlightTestCases_ParallelMethods" name="testCase5" time="0.087"/>
  <testcase classname="com.crm.qa.testcases.FlightTestCases_ParallelMethods" name="testCase30" time="0.087"/>
  <testcase classname="com.crm.qa.testcases.FlightTestCases_ParallelMethods" name="testCase21" time="0.087"/>
  <testcase classname="com.crm.qa.testcases.FlightTestCases_ParallelMethods" name="testCaseThree" time="0.087"/>
  <testcase classname="com.crm.qa.testcases.FlightTestCases_ParallelMethods" name="testCase16" time="0.087"/>
  <testcase classname="com.crm.qa.testcases.FlightTestCases_ParallelMethods" name="testCase20" time="0.087"/>
  <testcase classname="com.crm.qa.testcases.FlightTestCases_ParallelMethods" name="testCase18" time="0.087"/>
  <testcase classname="com.crm.qa.testcases.FlightTestCases_ParallelMethods" name="testCase9" time="0.103"/>
  <testcase classname="com.crm.qa.testcases.FlightTestCases_ParallelMethods" name="testCase29" time="0.103"/>
  <testcase classname="com.crm.qa.testcases.FlightTestCases_ParallelMethods" name="testCaseTwo" time="0.103"/>
  <testcase classname="com.crm.qa.testcases.FlightTestCases_ParallelMethods" name="testCase10" time="0.103"/>
</testsuite> <!-- Testing -->
