<?xml version="1.0" encoding="UTF-8"?>
<!-- Generated by org.testng.reporters.JUnitXMLReporter -->
<testsuite hostname="Lenovo" failures="0" tests="4" name="Default test" time="0.047" errors="0" timestamp="14 Jun 2021 17:41:59 GMT">
  <testcase classname="com.crm.qa.testcases.FlightTestCases_ParallelMethods" name="testCaseFour" time="0.015"/>
  <testcase classname="com.crm.qa.testcases.FlightTestCases_ParallelMethods" name="testCaseOne" time="0.0"/>
  <testcase classname="com.crm.qa.testcases.FlightTestCases_ParallelMethods" name="testCaseThree" time="0.0"/>
  <testcase classname="com.crm.qa.testcases.FlightTestCases_ParallelMethods" name="testCaseTwo" time="0.0"/>
</testsuite> <!-- Default test -->
