<?xml version="1.0" encoding="UTF-8"?>
<testng-results total="31" passed="31" failed="0" skipped="0">
  <reporter-output>
  </reporter-output>
  <suite started-at="2021-06-24T14:23:46Z" name="RegressionSuite" finished-at="2021-06-24T14:23:46Z" duration-ms="213">
    <groups>
    </groups>
    <test started-at="2021-06-24T14:23:46Z" name="Testing" finished-at="2021-06-24T14:23:46Z" duration-ms="213">
      <class name="com.crm.qa.testcases.FlightTestCases_ParallelMethods">
        <test-method signature="testCase25()[pri:0, instance:com.crm.qa.testcases.FlightTestCases_ParallelMethods@5b94b04d]" started-at="2021-06-24T19:53:46Z" name="testCase25" finished-at="2021-06-24T19:53:46Z" duration-ms="40" status="PASS">
          <reporter-output>
          </reporter-output>
        </test-method> <!-- testCase25 -->
        <test-method signature="testCase23()[pri:0, instance:com.crm.qa.testcases.FlightTestCases_ParallelMethods@5b94b04d]" started-at="2021-06-24T19:53:46Z" name="testCase23" finished-at="2021-06-24T19:53:46Z" duration-ms="40" status="PASS">
          <reporter-output>
          </reporter-output>
        </test-method> <!-- testCase23 -->
        <test-method signature="testCase18()[pri:0, instance:com.crm.qa.testcases.FlightTestCases_ParallelMethods@5b94b04d]" started-at="2021-06-24T19:53:46Z" name="testCase18" finished-at="2021-06-24T19:53:46Z" duration-ms="87" status="PASS">
          <reporter-output>
          </reporter-output>
        </test-method> <!-- testCase18 -->
        <test-method signature="testCase16()[pri:0, instance:com.crm.qa.testcases.FlightTestCases_ParallelMethods@5b94b04d]" started-at="2021-06-24T19:53:46Z" name="testCase16" finished-at="2021-06-24T19:53:46Z" duration-ms="87" status="PASS">
          <reporter-output>
          </reporter-output>
        </test-method> <!-- testCase16 -->
        <test-method signature="testCase27()[pri:0, instance:com.crm.qa.testcases.FlightTestCases_ParallelMethods@5b94b04d]" started-at="2021-06-24T19:53:46Z" name="testCase27" finished-at="2021-06-24T19:53:46Z" duration-ms="87" status="PASS">
          <reporter-output>
          </reporter-output>
        </test-method> <!-- testCase27 -->
        <test-method signature="testCase11()[pri:0, instance:com.crm.qa.testcases.FlightTestCases_ParallelMethods@5b94b04d]" started-at="2021-06-24T19:53:46Z" name="testCase11" finished-at="2021-06-24T19:53:46Z" duration-ms="40" status="PASS">
          <reporter-output>
          </reporter-output>
        </test-method> <!-- testCase11 -->
        <test-method signature="testCase22()[pri:0, instance:com.crm.qa.testcases.FlightTestCases_ParallelMethods@5b94b04d]" started-at="2021-06-24T19:53:46Z" name="testCase22" finished-at="2021-06-24T19:53:46Z" duration-ms="71" status="PASS">
          <reporter-output>
          </reporter-output>
        </test-method> <!-- testCase22 -->
        <test-method signature="testCaseOne()[pri:0, instance:com.crm.qa.testcases.FlightTestCases_ParallelMethods@5b94b04d]" started-at="2021-06-24T19:53:46Z" name="testCaseOne" finished-at="2021-06-24T19:53:46Z" duration-ms="71" status="PASS">
          <reporter-output>
          </reporter-output>
        </test-method> <!-- testCaseOne -->
        <test-method signature="testCaseThree()[pri:0, instance:com.crm.qa.testcases.FlightTestCases_ParallelMethods@5b94b04d]" started-at="2021-06-24T19:53:46Z" name="testCaseThree" finished-at="2021-06-24T19:53:46Z" duration-ms="87" status="PASS">
          <reporter-output>
          </reporter-output>
        </test-method> <!-- testCaseThree -->
        <test-method signature="testCase5()[pri:0, instance:com.crm.qa.testcases.FlightTestCases_ParallelMethods@5b94b04d]" started-at="2021-06-24T19:53:46Z" name="testCase5" finished-at="2021-06-24T19:53:46Z" duration-ms="87" status="PASS">
          <reporter-output>
          </reporter-output>
        </test-method> <!-- testCase5 -->
        <test-method signature="testCase28()[pri:0, instance:com.crm.qa.testcases.FlightTestCases_ParallelMethods@5b94b04d]" started-at="2021-06-24T19:53:46Z" name="testCase28" finished-at="2021-06-24T19:53:46Z" duration-ms="56" status="PASS">
          <reporter-output>
          </reporter-output>
        </test-method> <!-- testCase28 -->
        <test-method signature="testCase30()[pri:0, instance:com.crm.qa.testcases.FlightTestCases_ParallelMethods@5b94b04d]" started-at="2021-06-24T19:53:46Z" name="testCase30" finished-at="2021-06-24T19:53:46Z" duration-ms="87" status="PASS">
          <reporter-output>
          </reporter-output>
        </test-method> <!-- testCase30 -->
        <test-method signature="testCase17()[pri:0, instance:com.crm.qa.testcases.FlightTestCases_ParallelMethods@5b94b04d]" started-at="2021-06-24T19:53:46Z" name="testCase17" finished-at="2021-06-24T19:53:46Z" duration-ms="71" status="PASS">
          <reporter-output>
          </reporter-output>
        </test-method> <!-- testCase17 -->
        <test-method signature="testCase15()[pri:0, instance:com.crm.qa.testcases.FlightTestCases_ParallelMethods@5b94b04d]" started-at="2021-06-24T19:53:46Z" name="testCase15" finished-at="2021-06-24T19:53:46Z" duration-ms="71" status="PASS">
          <reporter-output>
          </reporter-output>
        </test-method> <!-- testCase15 -->
        <test-method signature="testCase6()[pri:0, instance:com.crm.qa.testcases.FlightTestCases_ParallelMethods@5b94b04d]" started-at="2021-06-24T19:53:46Z" name="testCase6" finished-at="2021-06-24T19:53:46Z" duration-ms="71" status="PASS">
          <reporter-output>
          </reporter-output>
        </test-method> <!-- testCase6 -->
        <test-method signature="testCase19()[pri:0, instance:com.crm.qa.testcases.FlightTestCases_ParallelMethods@5b94b04d]" started-at="2021-06-24T19:53:46Z" name="testCase19" finished-at="2021-06-24T19:53:46Z" duration-ms="40" status="PASS">
          <reporter-output>
          </reporter-output>
        </test-method> <!-- testCase19 -->
        <test-method signature="testCase24()[pri:0, instance:com.crm.qa.testcases.FlightTestCases_ParallelMethods@5b94b04d]" started-at="2021-06-24T19:53:46Z" name="testCase24" finished-at="2021-06-24T19:53:46Z" duration-ms="40" status="PASS">
          <reporter-output>
          </reporter-output>
        </test-method> <!-- testCase24 -->
        <test-method signature="testCase10()[pri:0, instance:com.crm.qa.testcases.FlightTestCases_ParallelMethods@5b94b04d]" started-at="2021-06-24T19:53:46Z" name="testCase10" finished-at="2021-06-24T19:53:46Z" duration-ms="103" status="PASS">
          <reporter-output>
          </reporter-output>
        </test-method> <!-- testCase10 -->
        <test-method signature="testCase9()[pri:0, instance:com.crm.qa.testcases.FlightTestCases_ParallelMethods@5b94b04d]" started-at="2021-06-24T19:53:46Z" name="testCase9" finished-at="2021-06-24T19:53:46Z" duration-ms="103" status="PASS">
          <reporter-output>
          </reporter-output>
        </test-method> <!-- testCase9 -->
        <test-method signature="testCase8()[pri:0, instance:com.crm.qa.testcases.FlightTestCases_ParallelMethods@5b94b04d]" started-at="2021-06-24T19:53:46Z" name="testCase8" finished-at="2021-06-24T19:53:46Z" duration-ms="56" status="PASS">
          <reporter-output>
          </reporter-output>
        </test-method> <!-- testCase8 -->
        <test-method signature="testCaseTwo()[pri:0, instance:com.crm.qa.testcases.FlightTestCases_ParallelMethods@5b94b04d]" started-at="2021-06-24T19:53:46Z" name="testCaseTwo" finished-at="2021-06-24T19:53:46Z" duration-ms="103" status="PASS">
          <reporter-output>
          </reporter-output>
        </test-method> <!-- testCaseTwo -->
        <test-method signature="testCase26()[pri:0, instance:com.crm.qa.testcases.FlightTestCases_ParallelMethods@5b94b04d]" started-at="2021-06-24T19:53:46Z" name="testCase26" finished-at="2021-06-24T19:53:46Z" duration-ms="40" status="PASS">
          <reporter-output>
          </reporter-output>
        </test-method> <!-- testCase26 -->
        <test-method signature="testCase31()[pri:0, instance:com.crm.qa.testcases.FlightTestCases_ParallelMethods@5b94b04d]" started-at="2021-06-24T19:53:46Z" name="testCase31" finished-at="2021-06-24T19:53:46Z" duration-ms="71" status="PASS">
          <reporter-output>
          </reporter-output>
        </test-method> <!-- testCase31 -->
        <test-method signature="testCase20()[pri:0, instance:com.crm.qa.testcases.FlightTestCases_ParallelMethods@5b94b04d]" started-at="2021-06-24T19:53:46Z" name="testCase20" finished-at="2021-06-24T19:53:46Z" duration-ms="87" status="PASS">
          <reporter-output>
          </reporter-output>
        </test-method> <!-- testCase20 -->
        <test-method signature="testCase13()[pri:0, instance:com.crm.qa.testcases.FlightTestCases_ParallelMethods@5b94b04d]" started-at="2021-06-24T19:53:46Z" name="testCase13" finished-at="2021-06-24T19:53:46Z" duration-ms="56" status="PASS">
          <reporter-output>
          </reporter-output>
        </test-method> <!-- testCase13 -->
        <test-method signature="testCase7()[pri:0, instance:com.crm.qa.testcases.FlightTestCases_ParallelMethods@5b94b04d]" started-at="2021-06-24T19:53:46Z" name="testCase7" finished-at="2021-06-24T19:53:46Z" duration-ms="40" status="PASS">
          <reporter-output>
          </reporter-output>
        </test-method> <!-- testCase7 -->
        <test-method signature="testCase14()[pri:0, instance:com.crm.qa.testcases.FlightTestCases_ParallelMethods@5b94b04d]" started-at="2021-06-24T19:53:46Z" name="testCase14" finished-at="2021-06-24T19:53:46Z" duration-ms="40" status="PASS">
          <reporter-output>
          </reporter-output>
        </test-method> <!-- testCase14 -->
        <test-method signature="testCaseFour()[pri:0, instance:com.crm.qa.testcases.FlightTestCases_ParallelMethods@5b94b04d]" started-at="2021-06-24T19:53:46Z" name="testCaseFour" finished-at="2021-06-24T19:53:46Z" duration-ms="40" status="PASS">
          <reporter-output>
          </reporter-output>
        </test-method> <!-- testCaseFour -->
        <test-method signature="testCase29()[pri:0, instance:com.crm.qa.testcases.FlightTestCases_ParallelMethods@5b94b04d]" started-at="2021-06-24T19:53:46Z" name="testCase29" finished-at="2021-06-24T19:53:46Z" duration-ms="103" status="PASS">
          <reporter-output>
          </reporter-output>
        </test-method> <!-- testCase29 -->
        <test-method signature="testCase21()[pri:0, instance:com.crm.qa.testcases.FlightTestCases_ParallelMethods@5b94b04d]" started-at="2021-06-24T19:53:46Z" name="testCase21" finished-at="2021-06-24T19:53:46Z" duration-ms="87" status="PASS">
          <reporter-output>
          </reporter-output>
        </test-method> <!-- testCase21 -->
        <test-method signature="testCase12()[pri:0, instance:com.crm.qa.testcases.FlightTestCases_ParallelMethods@5b94b04d]" started-at="2021-06-24T19:53:46Z" name="testCase12" finished-at="2021-06-24T19:53:46Z" duration-ms="71" status="PASS">
          <reporter-output>
          </reporter-output>
        </test-method> <!-- testCase12 -->
      </class> <!-- com.crm.qa.testcases.FlightTestCases_ParallelMethods -->
    </test> <!-- Testing -->
  </suite> <!-- RegressionSuite -->
</testng-results>
